{"numFailedTestSuites":1,"numFailedTests":2,"numPassedTestSuites":5,"numPassedTests":21,"numPendingTestSuites":0,"numPendingTests":0,"numRuntimeErrorTestSuites":0,"numTodoTests":0,"numTotalTestSuites":6,"numTotalTests":23,"openHandles":[],"snapshot":{"added":0,"didUpdate":false,"failure":false,"filesAdded":0,"filesRemoved":0,"filesRemovedList":[],"filesUnmatched":0,"filesUpdated":0,"matched":0,"total":0,"unchecked":0,"uncheckedKeysByFile":[],"unmatched":0,"updated":0},"startTime":1645005624120,"success":false,"testResults":[{"leaks":false,"numFailingTests":2,"numPassingTests":3,"numPendingTests":0,"numTodoTests":0,"openHandles":[],"perfStats":{"end":1645005627185,"runtime":2624,"slow":false,"start":1645005624561},"skipped":false,"snapshot":{"added":0,"fileDeleted":false,"matched":0,"unchecked":0,"uncheckedKeys":[],"unmatched":0,"updated":0},"testFilePath":"/Users/jinghuan/advanced_web_develement_2022_Spring/cmjiwa/redux/react_redux/src/redux/__tests__/store.test.js","testResults":[{"ancestorTitles":["addPlayer"],"duration":2,"failureDetails":[],"failureMessages":[],"fullName":"addPlayer adds properly","invocations":1,"location":null,"numPassingAsserts":0,"status":"passed","title":"adds properly"},{"ancestorTitles":["addPlayer"],"duration":1,"failureDetails":[{}],"failureMessages":["TypeError: Cannot read properties of undefined (reading 'name')\n    at map (/Users/jinghuan/advanced_web_develement_2022_Spring/cmjiwa/redux/react_redux/src/redux/__tests__/store.test.js:25:37)\n    at Array.map (<anonymous>)\n    at Object.<anonymous> (/Users/jinghuan/advanced_web_develement_2022_Spring/cmjiwa/redux/react_redux/src/redux/__tests__/store.test.js:25:29)\n    at Promise.then.completed (/Users/jinghuan/advanced_web_develement_2022_Spring/cmjiwa/redux/react_redux/node_modules/jest-circus/build/utils.js:391:28)\n    at new Promise (<anonymous>)\n    at callAsyncCircusFn (/Users/jinghuan/advanced_web_develement_2022_Spring/cmjiwa/redux/react_redux/node_modules/jest-circus/build/utils.js:316:10)\n    at _callCircusTest (/Users/jinghuan/advanced_web_develement_2022_Spring/cmjiwa/redux/react_redux/node_modules/jest-circus/build/run.js:218:40)\n    at processTicksAndRejections (node:internal/process/task_queues:96:5)\n    at _runTest (/Users/jinghuan/advanced_web_develement_2022_Spring/cmjiwa/redux/react_redux/node_modules/jest-circus/build/run.js:155:3)\n    at _runTestsForDescribeBlock (/Users/jinghuan/advanced_web_develement_2022_Spring/cmjiwa/redux/react_redux/node_modules/jest-circus/build/run.js:66:9)"],"fullName":"addPlayer adds correct players (names)","invocations":1,"location":null,"numPassingAsserts":0,"status":"failed","title":"adds correct players (names)"},{"ancestorTitles":["addPlayer"],"duration":1,"failureDetails":[{}],"failureMessages":["TypeError: Cannot read properties of undefined (reading 'isActive')\n    at map (/Users/jinghuan/advanced_web_develement_2022_Spring/cmjiwa/redux/react_redux/src/redux/__tests__/store.test.js:35:36)\n    at Array.map (<anonymous>)\n    at Object.<anonymous> (/Users/jinghuan/advanced_web_develement_2022_Spring/cmjiwa/redux/react_redux/src/redux/__tests__/store.test.js:35:28)\n    at Promise.then.completed (/Users/jinghuan/advanced_web_develement_2022_Spring/cmjiwa/redux/react_redux/node_modules/jest-circus/build/utils.js:391:28)\n    at new Promise (<anonymous>)\n    at callAsyncCircusFn (/Users/jinghuan/advanced_web_develement_2022_Spring/cmjiwa/redux/react_redux/node_modules/jest-circus/build/utils.js:316:10)\n    at _callCircusTest (/Users/jinghuan/advanced_web_develement_2022_Spring/cmjiwa/redux/react_redux/node_modules/jest-circus/build/run.js:218:40)\n    at processTicksAndRejections (node:internal/process/task_queues:96:5)\n    at _runTest (/Users/jinghuan/advanced_web_develement_2022_Spring/cmjiwa/redux/react_redux/node_modules/jest-circus/build/run.js:155:3)\n    at _runTestsForDescribeBlock (/Users/jinghuan/advanced_web_develement_2022_Spring/cmjiwa/redux/react_redux/node_modules/jest-circus/build/run.js:66:9)"],"fullName":"addPlayer adds correct activity values","invocations":1,"location":null,"numPassingAsserts":0,"status":"failed","title":"adds correct activity values"},{"ancestorTitles":["removePlayers"],"duration":103,"failureDetails":[],"failureMessages":[],"fullName":"removePlayers removes one player","invocations":1,"location":null,"numPassingAsserts":0,"status":"passed","title":"removes one player"},{"ancestorTitles":["removePlayers"],"duration":9,"failureDetails":[],"failureMessages":[],"fullName":"removePlayers removes all players","invocations":1,"location":null,"numPassingAsserts":0,"status":"passed","title":"removes all players"}],"failureMessage":"\u001b[1m\u001b[31m  \u001b[1m● \u001b[22m\u001b[1maddPlayer › adds correct players (names)\u001b[39m\u001b[22m\n\n    TypeError: Cannot read properties of undefined (reading 'name')\n\u001b[2m\u001b[22m\n\u001b[2m    \u001b[0m \u001b[90m 23 |\u001b[39m     \u001b[36mconst\u001b[39m players \u001b[33m=\u001b[39m tested_state\u001b[33m.\u001b[39mplayers\u001b[33m;\u001b[39m\u001b[0m\u001b[22m\n\u001b[2m    \u001b[0m \u001b[90m 24 |\u001b[39m     \u001b[36mconst\u001b[39m ids \u001b[33m=\u001b[39m players\u001b[33m.\u001b[39mmap(player\u001b[33m=>\u001b[39mplayer\u001b[33m.\u001b[39mid)\u001b[0m\u001b[22m\n\u001b[2m    \u001b[0m\u001b[31m\u001b[1m>\u001b[22m\u001b[2m\u001b[39m\u001b[90m 25 |\u001b[39m     \u001b[36mconst\u001b[39m added_names \u001b[33m=\u001b[39m ids\u001b[33m.\u001b[39mmap(id\u001b[33m=>\u001b[39mplayers[id][\u001b[32m\"name\"\u001b[39m])\u001b[0m\u001b[22m\n\u001b[2m    \u001b[0m \u001b[90m    |\u001b[39m                                     \u001b[31m\u001b[1m^\u001b[22m\u001b[2m\u001b[39m\u001b[0m\u001b[22m\n\u001b[2m    \u001b[0m \u001b[90m 26 |\u001b[39m     expect(names\u001b[33m.\u001b[39msort())\u001b[33m.\u001b[39mtoEqual(added_names\u001b[33m.\u001b[39msort())\u001b[33m;\u001b[39m\u001b[0m\u001b[22m\n\u001b[2m    \u001b[0m \u001b[90m 27 |\u001b[39m   })\u001b[33m;\u001b[39m\u001b[0m\u001b[22m\n\u001b[2m    \u001b[0m \u001b[90m 28 |\u001b[39m   it(\u001b[32m'adds correct activity values'\u001b[39m\u001b[33m,\u001b[39m () \u001b[33m=>\u001b[39m {\u001b[0m\u001b[22m\n\u001b[2m\u001b[22m\n\u001b[2m      \u001b[2mat map (\u001b[22m\u001b[2m\u001b[0m\u001b[36msrc/redux/__tests__/store.test.js\u001b[39m\u001b[0m\u001b[2m:25:37)\u001b[22m\u001b[2m\u001b[22m\n\u001b[2m          at Array.map (<anonymous>)\u001b[22m\n\u001b[2m      \u001b[2mat Object.<anonymous> (\u001b[22m\u001b[2m\u001b[0m\u001b[36msrc/redux/__tests__/store.test.js\u001b[39m\u001b[0m\u001b[2m:25:29)\u001b[22m\u001b[2m\u001b[22m\n\n\u001b[1m\u001b[31m  \u001b[1m● \u001b[22m\u001b[1maddPlayer › adds correct activity values\u001b[39m\u001b[22m\n\n    TypeError: Cannot read properties of undefined (reading 'isActive')\n\u001b[2m\u001b[22m\n\u001b[2m    \u001b[0m \u001b[90m 33 |\u001b[39m     \u001b[36mconst\u001b[39m players \u001b[33m=\u001b[39m tested_state\u001b[33m.\u001b[39mplayers\u001b[33m;\u001b[39m\u001b[0m\u001b[22m\n\u001b[2m    \u001b[0m \u001b[90m 34 |\u001b[39m     \u001b[36mconst\u001b[39m ids \u001b[33m=\u001b[39m players\u001b[33m.\u001b[39mmap(player\u001b[33m=>\u001b[39mplayer\u001b[33m.\u001b[39mid)\u001b[0m\u001b[22m\n\u001b[2m    \u001b[0m\u001b[31m\u001b[1m>\u001b[22m\u001b[2m\u001b[39m\u001b[90m 35 |\u001b[39m     \u001b[36mconst\u001b[39m activities \u001b[33m=\u001b[39m ids\u001b[33m.\u001b[39mmap(id\u001b[33m=>\u001b[39mplayers[id][\u001b[32m\"isActive\"\u001b[39m])\u001b[0m\u001b[22m\n\u001b[2m    \u001b[0m \u001b[90m    |\u001b[39m                                    \u001b[31m\u001b[1m^\u001b[22m\u001b[2m\u001b[39m\u001b[0m\u001b[22m\n\u001b[2m    \u001b[0m \u001b[90m 36 |\u001b[39m     expect(activities\u001b[33m.\u001b[39mevery(isisActive))\u001b[33m.\u001b[39mtoBe(\u001b[36mtrue\u001b[39m)\u001b[0m\u001b[22m\n\u001b[2m    \u001b[0m \u001b[90m 37 |\u001b[39m   })\u001b[33m;\u001b[39m\u001b[0m\u001b[22m\n\u001b[2m    \u001b[0m \u001b[90m 38 |\u001b[39m\u001b[0m\u001b[22m\n\u001b[2m\u001b[22m\n\u001b[2m      \u001b[2mat map (\u001b[22m\u001b[2m\u001b[0m\u001b[36msrc/redux/__tests__/store.test.js\u001b[39m\u001b[0m\u001b[2m:35:36)\u001b[22m\u001b[2m\u001b[22m\n\u001b[2m          at Array.map (<anonymous>)\u001b[22m\n\u001b[2m      \u001b[2mat Object.<anonymous> (\u001b[22m\u001b[2m\u001b[0m\u001b[36msrc/redux/__tests__/store.test.js\u001b[39m\u001b[0m\u001b[2m:35:28)\u001b[22m\u001b[2m\u001b[22m\n"},{"leaks":false,"numFailingTests":0,"numPassingTests":4,"numPendingTests":0,"numTodoTests":0,"openHandles":[],"perfStats":{"end":1645005628492,"runtime":3064,"slow":false,"start":1645005625428},"skipped":false,"snapshot":{"added":0,"fileDeleted":false,"matched":0,"unchecked":0,"uncheckedKeys":[],"unmatched":0,"updated":0},"testFilePath":"/Users/jinghuan/advanced_web_develement_2022_Spring/cmjiwa/redux/react_redux/src/components/__tests__/PlayersList.test.js","testResults":[{"ancestorTitles":[],"duration":99,"failureDetails":[],"failureMessages":[],"fullName":"renders a list with id \"players-list\"","invocations":1,"location":null,"numPassingAsserts":0,"status":"passed","title":"renders a list with id \"players-list\""},{"ancestorTitles":[],"duration":34,"failureDetails":[],"failureMessages":[],"fullName":"renders a list with id \"players-list\"","invocations":1,"location":null,"numPassingAsserts":0,"status":"passed","title":"renders a list with id \"players-list\""},{"ancestorTitles":[],"duration":29,"failureDetails":[],"failureMessages":[],"fullName":"list contains as many items as there are in players prop","invocations":1,"location":null,"numPassingAsserts":0,"status":"passed","title":"list contains as many items as there are in players prop"},{"ancestorTitles":[],"duration":73,"failureDetails":[],"failureMessages":[],"fullName":"list items have ids of the form \"player-{id}\"","invocations":1,"location":null,"numPassingAsserts":0,"status":"passed","title":"list items have ids of the form \"player-{id}\""}],"failureMessage":null},{"leaks":false,"numFailingTests":0,"numPassingTests":4,"numPendingTests":0,"numTodoTests":0,"openHandles":[],"perfStats":{"end":1645005629175,"runtime":3736,"slow":false,"start":1645005625439},"skipped":false,"snapshot":{"added":0,"fileDeleted":false,"matched":0,"unchecked":0,"uncheckedKeys":[],"unmatched":0,"updated":0},"testFilePath":"/Users/jinghuan/advanced_web_develement_2022_Spring/cmjiwa/redux/react_redux/src/__tests__/App.test.js","testResults":[{"ancestorTitles":[],"duration":268,"failureDetails":[],"failureMessages":[],"fullName":"renders a list with id \"players-list\"","invocations":1,"location":null,"numPassingAsserts":0,"status":"passed","title":"renders a list with id \"players-list\""},{"ancestorTitles":[],"duration":212,"failureDetails":[],"failureMessages":[],"fullName":"should add a new player to store\"","invocations":1,"location":null,"numPassingAsserts":0,"status":"passed","title":"should add a new player to store\""},{"ancestorTitles":[],"duration":124,"failureDetails":[],"failureMessages":[],"fullName":"should send REMOVE_PLAYER request to backend when \"Remove\" button is clicked","invocations":1,"location":null,"numPassingAsserts":0,"status":"passed","title":"should send REMOVE_PLAYER request to backend when \"Remove\" button is clicked"},{"ancestorTitles":[],"duration":94,"failureDetails":[],"failureMessages":[],"fullName":"should send REMOVE_PLAYER request with correct payload","invocations":1,"location":null,"numPassingAsserts":0,"status":"passed","title":"should send REMOVE_PLAYER request with correct payload"}],"failureMessage":null},{"leaks":false,"numFailingTests":0,"numPassingTests":2,"numPendingTests":0,"numTodoTests":0,"openHandles":[],"perfStats":{"end":1645005629374,"runtime":861,"slow":false,"start":1645005628513},"skipped":false,"snapshot":{"added":0,"fileDeleted":false,"matched":0,"unchecked":0,"uncheckedKeys":[],"unmatched":0,"updated":0},"testFilePath":"/Users/jinghuan/advanced_web_develement_2022_Spring/cmjiwa/redux/react_redux/src/redux/actionCreators/__tests__/ActionCreators.test.js","testResults":[{"ancestorTitles":["Testing action creators","addPlayer:"],"duration":4,"failureDetails":[],"failureMessages":[],"fullName":"Testing action creators addPlayer: returns an action with type ADD_PLAYER to the frontends reducers","invocations":1,"location":null,"numPassingAsserts":0,"status":"passed","title":"returns an action with type ADD_PLAYER to the frontends reducers"},{"ancestorTitles":["Testing action creators","removePlayer:"],"duration":0,"failureDetails":[],"failureMessages":[],"fullName":"Testing action creators removePlayer: returns an action with type ADD_PLAYER to the frontends reducers","invocations":1,"location":null,"numPassingAsserts":0,"status":"passed","title":"returns an action with type ADD_PLAYER to the frontends reducers"}],"failureMessage":null},{"leaks":false,"numFailingTests":0,"numPassingTests":5,"numPendingTests":0,"numTodoTests":0,"openHandles":[],"perfStats":{"end":1645005629522,"runtime":1465,"slow":false,"start":1645005628057},"skipped":false,"snapshot":{"added":0,"fileDeleted":false,"matched":0,"unchecked":0,"uncheckedKeys":[],"unmatched":0,"updated":0},"testFilePath":"/Users/jinghuan/advanced_web_develement_2022_Spring/cmjiwa/redux/react_redux/src/components/__tests__/AddPlayer.test.js","testResults":[{"ancestorTitles":[],"duration":45,"failureDetails":[],"failureMessages":[],"fullName":"Renders a form","invocations":1,"location":null,"numPassingAsserts":0,"status":"passed","title":"Renders a form"},{"ancestorTitles":[],"duration":31,"failureDetails":[],"failureMessages":[],"fullName":"Form includes text input for player name","invocations":1,"location":null,"numPassingAsserts":0,"status":"passed","title":"Form includes text input for player name"},{"ancestorTitles":[],"duration":7,"failureDetails":[],"failureMessages":[],"fullName":"Form includes checkbox for player activity","invocations":1,"location":null,"numPassingAsserts":0,"status":"passed","title":"Form includes checkbox for player activity"},{"ancestorTitles":[],"duration":53,"failureDetails":[],"failureMessages":[],"fullName":"Form includes a submit button","invocations":1,"location":null,"numPassingAsserts":0,"status":"passed","title":"Form includes a submit button"},{"ancestorTitles":[],"duration":32,"failureDetails":[],"failureMessages":[],"fullName":"addPlayer is dispatched when form is submitted with played info","invocations":1,"location":null,"numPassingAsserts":0,"status":"passed","title":"addPlayer is dispatched when form is submitted with played info"}],"failureMessage":null},{"leaks":false,"numFailingTests":0,"numPassingTests":3,"numPendingTests":0,"numTodoTests":0,"openHandles":[],"perfStats":{"end":1645005629669,"runtime":465,"slow":false,"start":1645005629204},"skipped":false,"snapshot":{"added":0,"fileDeleted":false,"matched":0,"unchecked":0,"uncheckedKeys":[],"unmatched":0,"updated":0},"testFilePath":"/Users/jinghuan/advanced_web_develement_2022_Spring/cmjiwa/redux/react_redux/src/redux/reducers/__tests__/reducers.test.js","testResults":[{"ancestorTitles":["playersReducer"],"duration":1,"failureDetails":[],"failureMessages":[],"fullName":"playersReducer should return the initial state when no matching type in switch-case","invocations":1,"location":null,"numPassingAsserts":0,"status":"passed","title":"should return the initial state when no matching type in switch-case"},{"ancestorTitles":["playersReducer"],"duration":0,"failureDetails":[],"failureMessages":[],"fullName":"playersReducer should handle ADD_PLAYER by adding it to the state","invocations":1,"location":null,"numPassingAsserts":0,"status":"passed","title":"should handle ADD_PLAYER by adding it to the state"},{"ancestorTitles":["playersReducer"],"duration":5,"failureDetails":[],"failureMessages":[],"fullName":"playersReducer should handle REMOVE_PLAYER by removing a player whose id === payload from the store","invocations":1,"location":null,"numPassingAsserts":0,"status":"passed","title":"should handle REMOVE_PLAYER by removing a player whose id === payload from the store"}],"failureMessage":null}],"wasInterrupted":false}